RF .\uninstall.exe
FT 30428834
RF Sample\chordbook.tex
FT 30271771
RF Sample\lyricbook.tex
FT 30271771
RF Sample\slidebook.tex
FT 30271771
RF Sample\transparencies.tex
FT 30271771
RF Sample\generate.bat
FT 30271771
RF Sample\songs.sbd
FT 30298704
RS Sample\temp
RD Sample
RF src\install\Setup.nsi
FT 30271772
RF src\install\license.txt
FT 30271776
RF src\install\setup.ico
FT 29785169
RF src\install\uninstall.ico
FT 29787613
RD src\install
RF src\readme\README.tex
FT 30271772
RF src\readme\tbar.png
FT 29914590
RF src\readme\sbdshot.png
FT 29914591
RF src\readme\texshot.png
FT 29914592
RF src\readme\generate.bat
FT 30271771
RS src\readme\temp
RD src\readme
RF src\songidx\songidx.exe
FT 30309792
RF src\songidx\authidx.c
FT 30271772
RF src\songidx\chars.h
FT 30271772
RF src\songidx\fileio.c
FT 30271772
RF src\songidx\fileio.h
FT 30271772
RF src\songidx\scripidx.c
FT 30271772
RF src\songidx\songidx.c
FT 30271772
RF src\songidx\songidx.h
FT 30271772
RF src\songidx\songsort.c
FT 30294187
RF src\songidx\titleidx.c
FT 30271772
RF src\songidx\vsconfig.h
FT 30271772
RF src\songidx\bible.can
FT 30271772
RF src\songidx\catholic.can
FT 30271772
RF src\songidx\greek.can
FT 30271772
RF src\songidx\protestant.can
FT 30271772
RF src\songidx\tanakh.can
FT 30271772
RD src\songidx
RF src\sbdchk\sbdchk.exe
FT 30309792
RF src\sbdchk\chars.h
FT 30271771
RF src\sbdchk\extract.c
FT 30271771
RF src\sbdchk\report.c
FT 30271771
RF src\sbdchk\sbdchk.c
FT 30271771
RF src\sbdchk\sbdchk.h
FT 30271772
RF src\sbdchk\vsconfig.h
FT 30271772
RF src\sbdchk\hyphdict.tex
FT 29716572
RD src\sbdchk
RF src\package\songs\buildsty.bat
FT 30271771
RF src\package\songs\builddoc.bat
FT 30271771
RF src\package\songs\songs.sty
FT 30309792
RF src\package\songs\songs.dtx
FT 30309788
RF src\package\songs\songs.ins
FT 30271771
RS src\package\songs\temp
RD src\package\songs
RD src\package
RF src\vim\syntax\songbook.vim
FT 30082880
RD src\vim\syntax
RF src\vim\ftdetect\sbd.vim
FT 29783786
RD src\vim\ftdetect
RF src\vim\bitmaps\sgen.bmp
FT 29650459
RF src\vim\bitmaps\qcon.bmp
FT 29917346
RF src\vim\bitmaps\qcoff.bmp
FT 29917341
RD src\vim\bitmaps
RF src\vim\ftplugin\songbook.vim
FT 29947383
RF src\vim\ftplugin\tex.vim
FT 29914522
RD src\vim\ftplugin
RF src\vim\spell\songbook.latin1.spl
FT 30309792
RF src\vim\spell\wordlist.txt
FT 29947192
RD src\vim\spell
RD src\vim
RF src\history.txt
FT 30309788
RF src\miktex.bat
FT 30271771
RF src\paths.bat
FT 30428834
RD src
RF .\README.txt
FT 30271776
RD .
AF C:\Program Files\MiKTeX 2.9\tex\latex\songs\songs.sty
FT 30309792
AD C:\Program Files\MiKTeX 2.9\tex\latex\songs
